============================= test session starts =============================
platform win32 -- Python 3.13.12, pytest-9.0.2, pluggy-1.6.0 -- C:\Users\allan.matano\AppData\Local\Microsoft\WindowsApps\PythonSoftwareFoundation.Python.3.13_qbz5n2kfra8p0\python.exe
cachedir: .pytest_cache
rootdir: C:\Users\allan.matano\Downloads\ACTUAL_GREENBAY_AI_EVALUATOR\greenbay-bot-backend
plugins: anyio-4.12.1
collecting ... collected 45 items

greenbay_ai_evaluator/tests/test_negotiation_engine.py::TestMaxRoundsExceeded::test_decline_when_rounds_exceeded PASSED [  2%]
greenbay_ai_evaluator/tests/test_negotiation_engine.py::TestMaxRoundsExceeded::test_system_offer_stays_at_last PASSED [  4%]
greenbay_ai_evaluator/tests/test_negotiation_engine.py::TestSellerAcceptsOurOffer::test_exact_match_accepted PASSED [  6%]
greenbay_ai_evaluator/tests/test_negotiation_engine.py::TestSellerAcceptsOurOffer::test_below_our_offer_accepted PASSED [  8%]
greenbay_ai_evaluator/tests/test_negotiation_engine.py::TestSellerWithinCeiling::test_within_ceiling_accepted PASSED [ 11%]
greenbay_ai_evaluator/tests/test_negotiation_engine.py::TestSellerWithinCeiling::test_at_ceiling_accepted PASSED [ 13%]
greenbay_ai_evaluator/tests/test_negotiation_engine.py::TestSellerWayTooHigh::test_decline_above_150pct_ceiling PASSED [ 15%]
greenbay_ai_evaluator/tests/test_negotiation_engine.py::TestSellerWayTooHigh::test_exactly_at_150pct_still_negotiable PASSED [ 17%]
greenbay_ai_evaluator/tests/test_negotiation_engine.py::TestCounterOffer::test_counter_when_above_ceiling PASSED [ 20%]
greenbay_ai_evaluator/tests/test_negotiation_engine.py::TestCounterOffer::test_next_offer_increased PASSED [ 22%]
greenbay_ai_evaluator/tests/test_negotiation_engine.py::TestCounterOffer::test_offer_capped_at_ceiling PASSED [ 24%]
greenbay_ai_evaluator/tests/test_negotiation_engine.py::TestCounterOffer::test_rounds_remaining_decremented PASSED [ 26%]
greenbay_ai_evaluator/tests/test_negotiation_engine.py::TestMultiRoundNegotiation::test_three_round_negotiation PASSED [ 28%]
greenbay_ai_evaluator/tests/test_negotiation_engine.py::TestMultiRoundNegotiation::test_seller_eventually_accepts PASSED [ 31%]
greenbay_ai_evaluator/tests/test_negotiation_engine.py::TestDeterminism::test_identical_inputs_identical_outputs PASSED [ 33%]
greenbay_ai_evaluator/tests/test_negotiation_engine.py::TestDeterminism::test_result_contains_reason PASSED [ 35%]
greenbay_ai_evaluator/tests/test_offer_engine.py::TestDepreciation::test_zero_age_returns_1 PASSED [ 37%]
greenbay_ai_evaluator/tests/test_offer_engine.py::TestDepreciation::test_negative_age_returns_1 PASSED [ 40%]
greenbay_ai_evaluator/tests/test_offer_engine.py::TestDepreciation::test_year1_depreciation PASSED [ 42%]
greenbay_ai_evaluator/tests/test_offer_engine.py::TestDepreciation::test_year3_depreciation PASSED [ 44%]
greenbay_ai_evaluator/tests/test_offer_engine.py::TestDepreciation::test_year6_depreciation PASSED [ 46%]
greenbay_ai_evaluator/tests/test_offer_engine.py::TestDepreciation::test_very_old_product_floors_at_5pct PASSED [ 48%]
greenbay_ai_evaluator/tests/test_offer_engine.py::TestConfidence::test_no_data PASSED [ 51%]
greenbay_ai_evaluator/tests/test_offer_engine.py::TestConfidence::test_full_data PASSED [ 53%]
greenbay_ai_evaluator/tests/test_offer_engine.py::TestConfidence::test_comparables_scale PASSED [ 55%]
greenbay_ai_evaluator/tests/test_offer_engine.py::TestConfidence::test_image_quality_contribution PASSED [ 57%]
greenbay_ai_evaluator/tests/test_offer_engine.py::TestComputeValuation::test_returns_valuation_result PASSED [ 60%]
greenbay_ai_evaluator/tests/test_offer_engine.py::TestComputeValuation::test_no_comparables_uses_depreciation PASSED [ 62%]
greenbay_ai_evaluator/tests/test_offer_engine.py::TestComputeValuation::test_sufficient_comparables_uses_comparables PASSED [ 64%]
greenbay_ai_evaluator/tests/test_offer_engine.py::TestComputeValuation::test_brand_premium_applied PASSED [ 66%]
greenbay_ai_evaluator/tests/test_offer_engine.py::TestComputeValuation::test_condition_multiplier_applied PASSED [ 68%]
greenbay_ai_evaluator/tests/test_offer_engine.py::TestComputeValuation::test_defect_deductions PASSED [ 71%]
greenbay_ai_evaluator/tests/test_offer_engine.py::TestComputeValuation::test_defect_deduction_capped_at_60pct PASSED [ 73%]
greenbay_ai_evaluator/tests/test_offer_engine.py::TestComputeValuation::test_image_quality_penalty PASSED [ 75%]
greenbay_ai_evaluator/tests/test_offer_engine.py::TestComputeValuation::test_risk_adjustment PASSED [ 77%]
greenbay_ai_evaluator/tests/test_offer_engine.py::TestComputeValuation::test_ceiling_always_gte_opening PASSED [ 80%]
greenbay_ai_evaluator/tests/test_offer_engine.py::TestComputeValuation::test_opening_always_gte_walkaway PASSED [ 82%]
greenbay_ai_evaluator/tests/test_offer_engine.py::TestDecisionLogic::test_accept_when_seller_below_opening PASSED [ 84%]
greenbay_ai_evaluator/tests/test_offer_engine.py::TestDecisionLogic::test_negotiate_when_no_asking_price PASSED [ 86%]
greenbay_ai_evaluator/tests/test_offer_engine.py::TestDecisionLogic::test_negotiate_when_between_opening_and_ceiling PASSED [ 88%]
greenbay_ai_evaluator/tests/test_offer_engine.py::TestDecisionLogic::test_decline_when_way_above_ceiling PASSED [ 91%]
greenbay_ai_evaluator/tests/test_offer_engine.py::TestDecisionLogic::test_review_when_low_confidence PASSED [ 93%]
greenbay_ai_evaluator/tests/test_offer_engine.py::TestDecisionLogic::test_review_when_high_risk PASSED [ 95%]
greenbay_ai_evaluator/tests/test_offer_engine.py::TestDeterminism::test_identical_inputs_produce_identical_outputs PASSED [ 97%]
greenbay_ai_evaluator/tests/test_offer_engine.py::TestDeterminism::test_output_independent_of_call_order PASSED [100%]

============================= 45 passed in 0.08s ==============================
